-------------------------------------------------------------------------------
<<<<<<< HEAD
<<<<<<< HEAD:ProyectoBait/bait/target/surefire-reports/es.iespuertodelacruz.bait.modeloTests.MarcaModeloTest.txt
Test set: es.iespuertodelacruz.bait.modeloTests.MarcaModeloTest
-------------------------------------------------------------------------------
Tests run: 4, Failures: 0, Errors: 0, Skipped: 0, Time elapsed: 0.073 s - in es.iespuertodelacruz.bait.modeloTests.MarcaModeloTest
=======
Test set: es.iespuertodelacruz.bait.modeloTests.CategoriaModeloTest
-------------------------------------------------------------------------------
Tests run: 4, Failures: 0, Errors: 0, Skipped: 0, Time elapsed: 0.076 s - in es.iespuertodelacruz.bait.modeloTests.CategoriaModeloTest
>>>>>>> 96b560b2b04e0607bcb8b338044895c948dded33:ProyectoBait/bait/target/surefire-reports/es.iespuertodelacruz.bait.modeloTests.CategoriaModeloTest.txt
=======
Test set: es.iespuertodelacruz.bait.modeloTests.MarcaModeloTest
-------------------------------------------------------------------------------
Tests run: 4, Failures: 0, Errors: 0, Skipped: 0, Time elapsed: 0.091 s - in es.iespuertodelacruz.bait.modeloTests.MarcaModeloTest
>>>>>>> 96b560b2b04e0607bcb8b338044895c948dded33
