-------------------------------------------------------------------------------
<<<<<<< HEAD
Test set: es.iespuertodelacruz.bait.modeloTests.UsuarioModeloTest
-------------------------------------------------------------------------------
Tests run: 4, Failures: 0, Errors: 0, Skipped: 0, Time elapsed: 0.093 s - in es.iespuertodelacruz.bait.modeloTests.UsuarioModeloTest
=======
<<<<<<< HEAD:ProyectoBait/bait/target/surefire-reports/es.iespuertodelacruz.bait.modeloTests.CategoriaModeloTest.txt
Test set: es.iespuertodelacruz.bait.modeloTests.CategoriaModeloTest
-------------------------------------------------------------------------------
Tests run: 4, Failures: 0, Errors: 0, Skipped: 0, Time elapsed: 0.012 s - in es.iespuertodelacruz.bait.modeloTests.CategoriaModeloTest
=======
Test set: es.iespuertodelacruz.bait.modeloTests.UsuarioModeloTest
-------------------------------------------------------------------------------
Tests run: 4, Failures: 0, Errors: 0, Skipped: 0, Time elapsed: 0.099 s - in es.iespuertodelacruz.bait.modeloTests.UsuarioModeloTest
>>>>>>> 96b560b2b04e0607bcb8b338044895c948dded33:ProyectoBait/bait/target/surefire-reports/es.iespuertodelacruz.bait.modeloTests.UsuarioModeloTest.txt
>>>>>>> 96b560b2b04e0607bcb8b338044895c948dded33
